Using pre-set license
Built from '2020.3/release' branch; Version is '2020.3.2f1 (8fd9074bf66c) revision 9427207'; Using compiler version '192528614'; Build Type 'Release'
OS: 'Windows 10 Pro; OS build 18363.449; Version 1909; 64bit' Language: 'ru' Physical Memory: 24524 MB
BatchMode: 1, IsHumanControllingUs: 0, StartBugReporterOnCrash: 0, Is64bit: 1, IsPro: 0

 COMMAND LINE ARGUMENTS:
C:\Program Files\Unity\Hub\Editor\2020.3.2f1\Editor\Unity.exe
-adb2
-batchMode
-noUpm
-name
AssetImportWorker0
-projectPath
G:/UNITY/gittest/GatBegginer
-logFile
Logs/AssetImportWorker0.log
-srvPort
64065
Successfully changed project path to: G:/UNITY/gittest/GatBegginer
G:/UNITY/gittest/GatBegginer
Using Asset Import Pipeline V2.
Refreshing native plugins compatible for Editor in 87.58 ms, found 0 plugins.
Preloading 0 native plugins for Editor in 0.00 ms.
Initialize engine version: 2020.3.2f1 (8fd9074bf66c)
[Subsystems] Discovering subsystems at path C:/Program Files/Unity/Hub/Editor/2020.3.2f1/Editor/Data/Resources/UnitySubsystems
[Subsystems] Discovering subsystems at path G:/UNITY/gittest/GatBegginer/Assets
GfxDevice: creating device client; threaded=0
Direct3D:
    Version:  Direct3D 11.0 [level 11.1]
    Renderer: Radeon RX 5500 XT (ID=0x7340)
    Vendor:   
    VRAM:     8152 MB
    Driver:   27.20.14535.3005
Initialize mono
Mono path[0] = 'C:/Program Files/Unity/Hub/Editor/2020.3.2f1/Editor/Data/Managed'
Mono path[1] = 'C:/Program Files/Unity/Hub/Editor/2020.3.2f1/Editor/Data/MonoBleedingEdge/lib/mono/unityjit'
Mono config path = 'C:/Program Files/Unity/Hub/Editor/2020.3.2f1/Editor/Data/MonoBleedingEdge/etc'
Using monoOptions --debugger-agent=transport=dt_socket,embedding=1,server=y,suspend=n,address=127.0.0.1:56632
Begin MonoManager ReloadAssembly
Registering precompiled unity dll's ...
Register platform support module: C:/Program Files/Unity/Hub/Editor/2020.3.2f1/Editor/Data/PlaybackEngines/WebGLSupport/UnityEditor.WebGL.Extensions.dll
Register platform support module: C:/Program Files/Unity/Hub/Editor/2020.3.2f1/Editor/Data/PlaybackEngines/WindowsStandaloneSupport/UnityEditor.WindowsStandalone.Extensions.dll
Registered in 0.002678 seconds.
Native extension for WindowsStandalone target not found
Native extension for WebGL target not found
Refreshing native plugins compatible for Editor in 72.07 ms, found 0 plugins.
Preloading 0 native plugins for Editor in 0.00 ms.
Invoked RoslynAnalysisRunner static constructor.
RoslynAnalysisRunner will not be running.
RoslynAnalysisRunner has terminated.
Mono: successfully reloaded assembly
- Completed reload, in  1.991 seconds
Platform modules already initialized, skipping
Registering precompiled user dll's ...
Registered in 0.003301 seconds.
Begin MonoManager ReloadAssembly
Native extension for WindowsStandalone target not found
Native extension for WebGL target not found
Refreshing native plugins compatible for Editor in 0.79 ms, found 0 plugins.
Preloading 0 native plugins for Editor in 0.00 ms.
Invoked RoslynAnalysisRunner static constructor.
RoslynAnalysisRunner will not be running.
RoslynAnalysisRunner has terminated.
Mono: successfully reloaded assembly
- Completed reload, in  1.590 seconds
Platform modules already initialized, skipping
========================================================================
Worker process is ready to serve import requests
Launched and connected shader compiler UnityShaderCompiler.exe after 0.44 seconds
Refreshing native plugins compatible for Editor in 0.76 ms, found 0 plugins.
Preloading 0 native plugins for Editor in 0.00 ms.
Unloading 1641 Unused Serialized files (Serialized files now loaded: 0)
System memory in use before: 151.6 MB.
System memory in use after: 151.7 MB.

Unloading 36 unused Assets to reduce memory usage. Loaded Objects now: 2075.
Total: 4.425800 ms (FindLiveObjects: 0.411400 ms CreateObjectMapping: 0.091800 ms MarkObjects: 3.773500 ms  DeleteObjects: 0.146700 ms)

========================================================================
Received Prepare
Registering precompiled user dll's ...
Registered in 0.003041 seconds.
Begin MonoManager ReloadAssembly
Native extension for WindowsStandalone target not found
Native extension for WebGL target not found
Refreshing native plugins compatible for Editor in 0.84 ms, found 0 plugins.
Preloading 0 native plugins for Editor in 0.00 ms.
Invoked RoslynAnalysisRunner static constructor.
RoslynAnalysisRunner will not be running.
RoslynAnalysisRunner has terminated.
Mono: successfully reloaded assembly
- Completed reload, in  1.678 seconds
Platform modules already initialized, skipping
Refreshing native plugins compatible for Editor in 0.74 ms, found 0 plugins.
Preloading 0 native plugins for Editor in 0.00 ms.
Unloading 1603 Unused Serialized files (Serialized files now loaded: 0)
System memory in use before: 148.5 MB.
System memory in use after: 148.5 MB.

Unloading 27 unused Assets to reduce memory usage. Loaded Objects now: 2078.
Total: 3.750100 ms (FindLiveObjects: 0.231700 ms CreateObjectMapping: 0.059400 ms MarkObjects: 3.367300 ms  DeleteObjects: 0.090300 ms)

========================================================================
Received Import Request.
  path: Assets/Scripts/GameEnding.cs
  artifactKey: Guid(538f4616245a5fc469688b94d9d88ebd) Importer(815301076,1909f56bfc062723c751e8b465ee728b)
Start importing Assets/Scripts/GameEnding.cs using Guid(538f4616245a5fc469688b94d9d88ebd) Importer(815301076,1909f56bfc062723c751e8b465ee728b)  -> (artifact id: 'e3e43adca978f72168980051efa2df91') in 0.047491 seconds
  Import took 0.155713 seconds .

========================================================================
Received Prepare
Registering precompiled user dll's ...
Registered in 0.004681 seconds.
Begin MonoManager ReloadAssembly
Native extension for WindowsStandalone target not found
Native extension for WebGL target not found
Refreshing native plugins compatible for Editor in 0.82 ms, found 0 plugins.
Preloading 0 native plugins for Editor in 0.00 ms.
Invoked RoslynAnalysisRunner static constructor.
RoslynAnalysisRunner will not be running.
RoslynAnalysisRunner has terminated.
Mono: successfully reloaded assembly
- Completed reload, in  1.453 seconds
Platform modules already initialized, skipping
Refreshing native plugins compatible for Editor in 0.81 ms, found 0 plugins.
Preloading 0 native plugins for Editor in 0.00 ms.
Unloading 1603 Unused Serialized files (Serialized files now loaded: 0)
System memory in use before: 148.5 MB.
System memory in use after: 148.6 MB.

Unloading 27 unused Assets to reduce memory usage. Loaded Objects now: 2081.
Total: 2.835600 ms (FindLiveObjects: 0.249100 ms CreateObjectMapping: 0.061800 ms MarkObjects: 2.439200 ms  DeleteObjects: 0.084000 ms)

========================================================================
Received Import Request.
  Time since last request: 178.724151 seconds.
  path: Assets/Scripts/PlayerMovement.cs
  artifactKey: Guid(de149471d7c03d04089fa272a87567ed) Importer(815301076,1909f56bfc062723c751e8b465ee728b)
Start importing Assets/Scripts/PlayerMovement.cs using Guid(de149471d7c03d04089fa272a87567ed) Importer(815301076,1909f56bfc062723c751e8b465ee728b)  -> (artifact id: '188f016061b90bc2b93818812cb53139') in 0.005739 seconds
  Import took 0.049779 seconds .

========================================================================
Received Import Request.
  Time since last request: 0.011090 seconds.
  path: Assets/Scripts/PlayerMovement.cs
  artifactKey: Guid(de149471d7c03d04089fa272a87567ed) Importer(815301076,1909f56bfc062723c751e8b465ee728b)
Start importing Assets/Scripts/PlayerMovement.cs using Guid(de149471d7c03d04089fa272a87567ed) Importer(815301076,1909f56bfc062723c751e8b465ee728b)  -> (artifact id: '188f016061b90bc2b93818812cb53139') in 0.001929 seconds
  Import took 0.005497 seconds .

========================================================================
Received Prepare
Registering precompiled user dll's ...
Registered in 0.003783 seconds.
Begin MonoManager ReloadAssembly
Native extension for WindowsStandalone target not found
Native extension for WebGL target not found
Refreshing native plugins compatible for Editor in 3.22 ms, found 0 plugins.
Preloading 0 native plugins for Editor in 0.00 ms.
Invoked RoslynAnalysisRunner static constructor.
RoslynAnalysisRunner will not be running.
RoslynAnalysisRunner has terminated.
Mono: successfully reloaded assembly
- Completed reload, in  1.963 seconds
Platform modules already initialized, skipping
Refreshing native plugins compatible for Editor in 0.79 ms, found 0 plugins.
Preloading 0 native plugins for Editor in 0.00 ms.
Unloading 1603 Unused Serialized files (Serialized files now loaded: 0)
System memory in use before: 148.5 MB.
System memory in use after: 148.6 MB.

Unloading 27 unused Assets to reduce memory usage. Loaded Objects now: 2084.
Total: 11.981300 ms (FindLiveObjects: 7.156600 ms CreateObjectMapping: 0.171900 ms MarkObjects: 4.555900 ms  DeleteObjects: 0.095600 ms)

========================================================================
Received Import Request.
  Time since last request: 185.507629 seconds.
  path: Assets/Scripts/PlayerMovement.cs
  artifactKey: Guid(de149471d7c03d04089fa272a87567ed) Importer(815301076,1909f56bfc062723c751e8b465ee728b)
Start importing Assets/Scripts/PlayerMovement.cs using Guid(de149471d7c03d04089fa272a87567ed) Importer(815301076,1909f56bfc062723c751e8b465ee728b)  -> (artifact id: 'd142753cc45819e9f794ea72e9642644') in 0.005430 seconds
  Import took 0.032601 seconds .

========================================================================
Received Import Request.
  Time since last request: 0.012516 seconds.
  path: Assets/Scripts/PlayerMovement.cs
  artifactKey: Guid(de149471d7c03d04089fa272a87567ed) Importer(815301076,1909f56bfc062723c751e8b465ee728b)
Start importing Assets/Scripts/PlayerMovement.cs using Guid(de149471d7c03d04089fa272a87567ed) Importer(815301076,1909f56bfc062723c751e8b465ee728b)  -> (artifact id: 'd142753cc45819e9f794ea72e9642644') in 0.001762 seconds
  Import took 0.005295 seconds .

========================================================================
Received Prepare
Registering precompiled user dll's ...
Registered in 0.002944 seconds.
Begin MonoManager ReloadAssembly
Native extension for WindowsStandalone target not found
Native extension for WebGL target not found
Refreshing native plugins compatible for Editor in 0.82 ms, found 0 plugins.
Preloading 0 native plugins for Editor in 0.00 ms.
Invoked RoslynAnalysisRunner static constructor.
RoslynAnalysisRunner will not be running.
RoslynAnalysisRunner has terminated.
Mono: successfully reloaded assembly
- Completed reload, in  1.500 seconds
Platform modules already initialized, skipping
Refreshing native plugins compatible for Editor in 0.95 ms, found 0 plugins.
Preloading 0 native plugins for Editor in 0.00 ms.
Unloading 1603 Unused Serialized files (Serialized files now loaded: 0)
System memory in use before: 148.5 MB.
System memory in use after: 148.6 MB.

Unloading 27 unused Assets to reduce memory usage. Loaded Objects now: 2087.
Total: 2.908000 ms (FindLiveObjects: 0.254700 ms CreateObjectMapping: 0.061000 ms MarkObjects: 2.498200 ms  DeleteObjects: 0.092900 ms)

========================================================================
Received Prepare
Registering precompiled user dll's ...
Registered in 0.003053 seconds.
Begin MonoManager ReloadAssembly
Native extension for WindowsStandalone target not found
Native extension for WebGL target not found
Refreshing native plugins compatible for Editor in 0.81 ms, found 0 plugins.
Preloading 0 native plugins for Editor in 0.00 ms.
Invoked RoslynAnalysisRunner static constructor.
RoslynAnalysisRunner will not be running.
RoslynAnalysisRunner has terminated.
Mono: successfully reloaded assembly
- Completed reload, in  1.694 seconds
Platform modules already initialized, skipping
Refreshing native plugins compatible for Editor in 0.81 ms, found 0 plugins.
Preloading 0 native plugins for Editor in 0.00 ms.
Unloading 1603 Unused Serialized files (Serialized files now loaded: 0)
System memory in use before: 148.5 MB.
System memory in use after: 148.6 MB.

Unloading 27 unused Assets to reduce memory usage. Loaded Objects now: 2090.
Total: 2.915800 ms (FindLiveObjects: 0.237900 ms CreateObjectMapping: 0.061700 ms MarkObjects: 2.528300 ms  DeleteObjects: 0.086600 ms)

========================================================================
Received Prepare
Registering precompiled user dll's ...
Registered in 0.003328 seconds.
Begin MonoManager ReloadAssembly
Native extension for WindowsStandalone target not found
Native extension for WebGL target not found
Refreshing native plugins compatible for Editor in 1.20 ms, found 0 plugins.
Preloading 0 native plugins for Editor in 0.00 ms.
Invoked RoslynAnalysisRunner static constructor.
RoslynAnalysisRunner will not be running.
RoslynAnalysisRunner has terminated.
Mono: successfully reloaded assembly
- Completed reload, in  1.926 seconds
Platform modules already initialized, skipping
Refreshing native plugins compatible for Editor in 0.82 ms, found 0 plugins.
Preloading 0 native plugins for Editor in 0.00 ms.
Unloading 1603 Unused Serialized files (Serialized files now loaded: 0)
System memory in use before: 148.5 MB.
System memory in use after: 148.6 MB.

Unloading 27 unused Assets to reduce memory usage. Loaded Objects now: 2093.
Total: 2.949500 ms (FindLiveObjects: 0.244500 ms CreateObjectMapping: 0.061000 ms MarkObjects: 2.561700 ms  DeleteObjects: 0.081300 ms)

========================================================================
Received Prepare
Registering precompiled user dll's ...
Registered in 0.003005 seconds.
Begin MonoManager ReloadAssembly
Native extension for WindowsStandalone target not found
Native extension for WebGL target not found
Refreshing native plugins compatible for Editor in 0.94 ms, found 0 plugins.
Preloading 0 native plugins for Editor in 0.00 ms.
Invoked RoslynAnalysisRunner static constructor.
RoslynAnalysisRunner will not be running.
RoslynAnalysisRunner has terminated.
Mono: successfully reloaded assembly
- Completed reload, in  1.464 seconds
Platform modules already initialized, skipping
Refreshing native plugins compatible for Editor in 0.87 ms, found 0 plugins.
Preloading 0 native plugins for Editor in 0.00 ms.
Unloading 1603 Unused Serialized files (Serialized files now loaded: 0)
System memory in use before: 148.6 MB.
System memory in use after: 148.6 MB.

Unloading 27 unused Assets to reduce memory usage. Loaded Objects now: 2096.
Total: 5.846400 ms (FindLiveObjects: 0.258500 ms CreateObjectMapping: 0.080400 ms MarkObjects: 5.416900 ms  DeleteObjects: 0.089300 ms)

========================================================================
Received Import Request.
  Time since last request: 757.399495 seconds.
  path: Assets/Audio/Shagi.mp3
  artifactKey: Guid(ee0749079d69ba64a80a8bb37c67dc55) Importer(815301076,1909f56bfc062723c751e8b465ee728b)
Start importing Assets/Audio/Shagi.mp3 using Guid(ee0749079d69ba64a80a8bb37c67dc55) Importer(815301076,1909f56bfc062723c751e8b465ee728b)  -> (artifact id: '900f2a04ec6fdf886f48b3076cb59dd9') in 0.584974 seconds
  Import took 0.768759 seconds .

========================================================================
Received Prepare
Registering precompiled user dll's ...
Registered in 0.003511 seconds.
Begin MonoManager ReloadAssembly
Native extension for WindowsStandalone target not found
Native extension for WebGL target not found
Refreshing native plugins compatible for Editor in 0.81 ms, found 0 plugins.
Preloading 0 native plugins for Editor in 0.00 ms.
Invoked RoslynAnalysisRunner static constructor.
RoslynAnalysisRunner will not be running.
RoslynAnalysisRunner has terminated.
Mono: successfully reloaded assembly
- Completed reload, in  1.716 seconds
Platform modules already initialized, skipping
Refreshing native plugins compatible for Editor in 0.85 ms, found 0 plugins.
Preloading 0 native plugins for Editor in 0.00 ms.
Unloading 1603 Unused Serialized files (Serialized files now loaded: 0)
System memory in use before: 151.7 MB.
System memory in use after: 151.8 MB.

Unloading 27 unused Assets to reduce memory usage. Loaded Objects now: 2108.
Total: 3.208600 ms (FindLiveObjects: 0.259300 ms CreateObjectMapping: 0.060800 ms MarkObjects: 2.806300 ms  DeleteObjects: 0.081000 ms)

========================================================================
Received Prepare
Registering precompiled user dll's ...
Registered in 0.004673 seconds.
Begin MonoManager ReloadAssembly
Native extension for WindowsStandalone target not found
Native extension for WebGL target not found
Refreshing native plugins compatible for Editor in 0.81 ms, found 0 plugins.
Preloading 0 native plugins for Editor in 0.00 ms.
Invoked RoslynAnalysisRunner static constructor.
RoslynAnalysisRunner will not be running.
RoslynAnalysisRunner has terminated.
Mono: successfully reloaded assembly
- Completed reload, in  1.376 seconds
Platform modules already initialized, skipping
Refreshing native plugins compatible for Editor in 0.80 ms, found 0 plugins.
Preloading 0 native plugins for Editor in 0.00 ms.
Unloading 1603 Unused Serialized files (Serialized files now loaded: 0)
System memory in use before: 151.7 MB.
System memory in use after: 151.8 MB.

Unloading 27 unused Assets to reduce memory usage. Loaded Objects now: 2111.
Total: 2.826100 ms (FindLiveObjects: 0.238000 ms CreateObjectMapping: 0.061600 ms MarkObjects: 2.440500 ms  DeleteObjects: 0.084500 ms)

========================================================================
Received Import Request.
  Time since last request: 1533.955366 seconds.
  path: Assets/Prefabs/CatBody.prefab
  artifactKey: Guid(f1dbff45bb011c347b192b8558ab1aa5) Importer(815301076,1909f56bfc062723c751e8b465ee728b)
Start importing Assets/Prefabs/CatBody.prefab using Guid(f1dbff45bb011c347b192b8558ab1aa5) Importer(815301076,1909f56bfc062723c751e8b465ee728b)  -> (artifact id: '63a733c378793ad9d0f74572041cd929') in 1.037578 seconds
  Import took 1.082350 seconds .

========================================================================
Received Import Request.
  Time since last request: 0.021739 seconds.
  path: Assets/Prefabs/Ghost.prefab
  artifactKey: Guid(b8bb4650736d892418752d9b44428022) Importer(815301076,1909f56bfc062723c751e8b465ee728b)
Start importing Assets/Prefabs/Ghost.prefab using Guid(b8bb4650736d892418752d9b44428022) Importer(815301076,1909f56bfc062723c751e8b465ee728b)  -> (artifact id: 'c11155eec54bdbe4d005f1aa3d1d8482') in 0.252483 seconds
  Import took 0.261137 seconds .

========================================================================
Received Import Request.
  Time since last request: 0.000169 seconds.
  path: Assets/Prefabs/CatBodyCharacter.prefab
  artifactKey: Guid(a0209a6bfe6737e4e901b4a2871ec99c) Importer(815301076,1909f56bfc062723c751e8b465ee728b)
Start importing Assets/Prefabs/CatBodyCharacter.prefab using Guid(a0209a6bfe6737e4e901b4a2871ec99c) Importer(815301076,1909f56bfc062723c751e8b465ee728b)  -> (artifact id: '539b5edf1309c90c243a2f2f0946f6b6') in 0.429134 seconds
  Import took 0.477038 seconds .

========================================================================
Received Import Request.
  Time since last request: 0.040032 seconds.
  path: Assets/Prefabs/JohnLemon.prefab
  artifactKey: Guid(85412d93bbcb8494e93b5e2b605f7974) Importer(815301076,1909f56bfc062723c751e8b465ee728b)
Start importing Assets/Prefabs/JohnLemon.prefab using Guid(85412d93bbcb8494e93b5e2b605f7974) Importer(815301076,1909f56bfc062723c751e8b465ee728b)  -> (artifact id: '7f0cec5a4ba4425f7e52075f42957030') in 1.870775 seconds
  Import took 1.901506 seconds .

========================================================================
Received Import Request.
  Time since last request: 119.651969 seconds.
  path: Assets/Prefabs/Ghost.prefab
  artifactKey: Guid(b8bb4650736d892418752d9b44428022) Importer(815301076,1909f56bfc062723c751e8b465ee728b)
Start importing Assets/Prefabs/Ghost.prefab using Guid(b8bb4650736d892418752d9b44428022) Importer(815301076,1909f56bfc062723c751e8b465ee728b)  -> (artifact id: '589a8204efa8159d4f03c776e385cbb0') in 0.214278 seconds
  Import took 0.239156 seconds .

========================================================================
Received Prepare
Registering precompiled user dll's ...
Registered in 0.002985 seconds.
Begin MonoManager ReloadAssembly
Native extension for WindowsStandalone target not found
Native extension for WebGL target not found
Refreshing native plugins compatible for Editor in 0.83 ms, found 0 plugins.
Preloading 0 native plugins for Editor in 0.00 ms.
Invoked RoslynAnalysisRunner static constructor.
RoslynAnalysisRunner will not be running.
RoslynAnalysisRunner has terminated.
Mono: successfully reloaded assembly
- Completed reload, in  1.527 seconds
Platform modules already initialized, skipping
Refreshing native plugins compatible for Editor in 0.82 ms, found 0 plugins.
Preloading 0 native plugins for Editor in 0.00 ms.
Unloading 1603 Unused Serialized files (Serialized files now loaded: 0)
System memory in use before: 152.0 MB.
System memory in use after: 152.1 MB.

Unloading 28 unused Assets to reduce memory usage. Loaded Objects now: 2115.
Total: 3.506400 ms (FindLiveObjects: 0.287800 ms CreateObjectMapping: 0.060500 ms MarkObjects: 3.062800 ms  DeleteObjects: 0.093500 ms)

========================================================================
Received Prepare
Refreshing native plugins compatible for Editor in 6.99 ms, found 0 plugins.
Preloading 0 native plugins for Editor in 0.00 ms.
Unloading 24 Unused Serialized files (Serialized files now loaded: 0)
System memory in use before: 120.7 MB.
System memory in use after: 120.8 MB.

Unloading 24 unused Assets to reduce memory usage. Loaded Objects now: 2115.
Total: 2.754300 ms (FindLiveObjects: 0.283900 ms CreateObjectMapping: 0.063500 ms MarkObjects: 2.320100 ms  DeleteObjects: 0.085300 ms)

========================================================================
Received Prepare
Registering precompiled user dll's ...
Registered in 0.022795 seconds.
Begin MonoManager ReloadAssembly
Native extension for WindowsStandalone target not found
Native extension for WebGL target not found
Refreshing native plugins compatible for Editor in 0.80 ms, found 0 plugins.
Preloading 0 native plugins for Editor in 0.00 ms.
Invoked RoslynAnalysisRunner static constructor.
RoslynAnalysisRunner will not be running.
RoslynAnalysisRunner has terminated.
Mono: successfully reloaded assembly
- Completed reload, in  1.684 seconds
Platform modules already initialized, skipping
Switching build target platform(5) subTarget(0) extendedPlatform(0) -> platform(13) subTarget(589824) extendedPlatform(0)
Refreshing native plugins compatible for Editor in 0.90 ms, found 0 plugins.
Preloading 0 native plugins for Editor in 0.00 ms.
Unloading 1607 Unused Serialized files (Serialized files now loaded: 0)
System memory in use before: 150.5 MB.
System memory in use after: 150.6 MB.

Unloading 27 unused Assets to reduce memory usage. Loaded Objects now: 2118.
Total: 3.186000 ms (FindLiveObjects: 0.386100 ms CreateObjectMapping: 0.061900 ms MarkObjects: 2.662500 ms  DeleteObjects: 0.074300 ms)

AssetImportParameters requested are different than current active one (requested -> active):
  custom:graphics/normal-map-encoding: 01000000000000000000000000000000 -> 02000000000000000000000000000000
========================================================================
Received Prepare
Refreshing native plugins compatible for Editor in 6.46 ms, found 0 plugins.
Preloading 0 native plugins for Editor in 0.00 ms.
Unloading 24 Unused Serialized files (Serialized files now loaded: 0)
System memory in use before: 119.1 MB.
System memory in use after: 119.2 MB.

Unloading 24 unused Assets to reduce memory usage. Loaded Objects now: 2118.
Total: 3.367700 ms (FindLiveObjects: 0.270100 ms CreateObjectMapping: 0.061900 ms MarkObjects: 2.957200 ms  DeleteObjects: 0.076700 ms)

AssetImportWorkerClient::OnTransportError - code=2 error=End of file
